<?xml version="1.0" encoding="UTF-8"?>
<testsuite name="com.example.hksbdemo.HksbdemoApplicationTests" tests="1" skipped="0" failures="0" errors="0" timestamp="2022-10-12T02:34:27" hostname="LAPTOP-1147RE1B" time="0.443">
  <properties/>
  <testcase name="contextLoads()" classname="com.example.hksbdemo.HksbdemoApplicationTests" time="0.443"/>
  <system-out><![CDATA[11:34:24.635 [Test worker] DEBUG org.springframework.test.context.BootstrapUtils - Instantiating CacheAwareContextLoaderDelegate from class [org.springframework.test.context.cache.DefaultCacheAwareContextLoaderDelegate]
11:34:24.648 [Test worker] DEBUG org.springframework.test.context.BootstrapUtils - Instantiating BootstrapContext using constructor [public org.springframework.test.context.support.DefaultBootstrapContext(java.lang.Class,org.springframework.test.context.CacheAwareContextLoaderDelegate)]
11:34:24.688 [Test worker] DEBUG org.springframework.test.context.BootstrapUtils - Instantiating TestContextBootstrapper for test class [com.example.hksbdemo.HksbdemoApplicationTests] from class [org.springframework.boot.test.context.SpringBootTestContextBootstrapper]
11:34:24.701 [Test worker] INFO org.springframework.boot.test.context.SpringBootTestContextBootstrapper - Neither @ContextConfiguration nor @ContextHierarchy found for test class [com.example.hksbdemo.HksbdemoApplicationTests], using SpringBootContextLoader
11:34:24.705 [Test worker] DEBUG org.springframework.test.context.support.AbstractContextLoader - Did not detect default resource location for test class [com.example.hksbdemo.HksbdemoApplicationTests]: class path resource [com/example/hksbdemo/HksbdemoApplicationTests-context.xml] does not exist
11:34:24.705 [Test worker] DEBUG org.springframework.test.context.support.AbstractContextLoader - Did not detect default resource location for test class [com.example.hksbdemo.HksbdemoApplicationTests]: class path resource [com/example/hksbdemo/HksbdemoApplicationTestsContext.groovy] does not exist
11:34:24.705 [Test worker] INFO org.springframework.test.context.support.AbstractContextLoader - Could not detect default resource locations for test class [com.example.hksbdemo.HksbdemoApplicationTests]: no resource found for suffixes {-context.xml, Context.groovy}.
11:34:24.706 [Test worker] INFO org.springframework.test.context.support.AnnotationConfigContextLoaderUtils - Could not detect default configuration classes for test class [com.example.hksbdemo.HksbdemoApplicationTests]: HksbdemoApplicationTests does not declare any static, non-private, non-final, nested classes annotated with @Configuration.
11:34:24.748 [Test worker] DEBUG org.springframework.test.context.support.ActiveProfilesUtils - Could not find an 'annotation declaring class' for annotation type [org.springframework.test.context.ActiveProfiles] and class [com.example.hksbdemo.HksbdemoApplicationTests]
11:34:24.813 [Test worker] DEBUG org.springframework.context.annotation.ClassPathScanningCandidateComponentProvider - Identified candidate component class: file [C:\Users\HyekyungLee\myProject\hksbdemo\build\classes\java\main\com\example\hksbdemo\HksbdemoApplication.class]
11:34:24.815 [Test worker] INFO org.springframework.boot.test.context.SpringBootTestContextBootstrapper - Found @SpringBootConfiguration com.example.hksbdemo.HksbdemoApplication for test class com.example.hksbdemo.HksbdemoApplicationTests
11:34:24.942 [Test worker] DEBUG org.springframework.boot.test.context.SpringBootTestContextBootstrapper - @TestExecutionListeners is not present for class [com.example.hksbdemo.HksbdemoApplicationTests]: using defaults.
11:34:24.942 [Test worker] INFO org.springframework.boot.test.context.SpringBootTestContextBootstrapper - Loaded default TestExecutionListener class names from location [META-INF/spring.factories]: [org.springframework.boot.test.autoconfigure.restdocs.RestDocsTestExecutionListener, org.springframework.boot.test.autoconfigure.web.client.MockRestServiceServerResetTestExecutionListener, org.springframework.boot.test.autoconfigure.web.servlet.MockMvcPrintOnlyOnFailureTestExecutionListener, org.springframework.boot.test.autoconfigure.web.servlet.WebDriverTestExecutionListener, org.springframework.boot.test.autoconfigure.webservices.client.MockWebServiceServerTestExecutionListener, org.springframework.boot.test.mock.mockito.MockitoTestExecutionListener, org.springframework.boot.test.mock.mockito.ResetMocksTestExecutionListener, org.springframework.test.context.web.ServletTestExecutionListener, org.springframework.test.context.support.DirtiesContextBeforeModesTestExecutionListener, org.springframework.test.context.event.ApplicationEventsTestExecutionListener, org.springframework.test.context.support.DependencyInjectionTestExecutionListener, org.springframework.test.context.support.DirtiesContextTestExecutionListener, org.springframework.test.context.transaction.TransactionalTestExecutionListener, org.springframework.test.context.jdbc.SqlScriptsTestExecutionListener, org.springframework.test.context.event.EventPublishingTestExecutionListener]
11:34:24.962 [Test worker] INFO org.springframework.boot.test.context.SpringBootTestContextBootstrapper - Using TestExecutionListeners: [org.springframework.test.context.web.ServletTestExecutionListener@1d1f7216, org.springframework.test.context.support.DirtiesContextBeforeModesTestExecutionListener@423e4cbb, org.springframework.test.context.event.ApplicationEventsTestExecutionListener@6e16b8b5, org.springframework.boot.test.mock.mockito.MockitoTestExecutionListener@43b4fe19, org.springframework.boot.test.autoconfigure.SpringBootDependencyInjectionTestExecutionListener@25ddbbbb, org.springframework.test.context.support.DirtiesContextTestExecutionListener@1536602f, org.springframework.test.context.transaction.TransactionalTestExecutionListener@4ebea12c, org.springframework.test.context.jdbc.SqlScriptsTestExecutionListener@2a1edad4, org.springframework.test.context.event.EventPublishingTestExecutionListener@6256ac4f, org.springframework.boot.test.autoconfigure.restdocs.RestDocsTestExecutionListener@44c79f32, org.springframework.boot.test.autoconfigure.web.client.MockRestServiceServerResetTestExecutionListener@7fcbe147, org.springframework.boot.test.autoconfigure.web.servlet.MockMvcPrintOnlyOnFailureTestExecutionListener@235f4c10, org.springframework.boot.test.autoconfigure.web.servlet.WebDriverTestExecutionListener@743cb8e0, org.springframework.boot.test.autoconfigure.webservices.client.MockWebServiceServerTestExecutionListener@c7a975a, org.springframework.boot.test.mock.mockito.ResetMocksTestExecutionListener@2c1b9e4b]
11:34:24.966 [Test worker] DEBUG org.springframework.test.context.support.AbstractDirtiesContextTestExecutionListener - Before test class: context [DefaultTestContext@1a1da881 testClass = HksbdemoApplicationTests, testInstance = [null], testMethod = [null], testException = [null], mergedContextConfiguration = [WebMergedContextConfiguration@5b970f7 testClass = HksbdemoApplicationTests, locations = '{}', classes = '{class com.example.hksbdemo.HksbdemoApplication}', contextInitializerClasses = '[]', activeProfiles = '{}', propertySourceLocations = '{}', propertySourceProperties = '{org.springframework.boot.test.context.SpringBootTestContextBootstrapper=true}', contextCustomizers = set[org.springframework.boot.test.autoconfigure.actuate.metrics.MetricsExportContextCustomizerFactory$DisableMetricExportContextCustomizer@5dcb4f5f, org.springframework.boot.test.autoconfigure.properties.PropertyMappingContextCustomizer@0, org.springframework.boot.test.autoconfigure.web.servlet.WebDriverContextCustomizerFactory$Customizer@5a18cd76, org.springframework.boot.test.context.filter.ExcludeFilterContextCustomizer@6995bf68, org.springframework.boot.test.json.DuplicateJsonObjectContextCustomizerFactory$DuplicateJsonObjectContextCustomizer@3e7dd664, org.springframework.boot.test.mock.mockito.MockitoContextCustomizer@0, org.springframework.boot.test.web.client.TestRestTemplateContextCustomizer@5d12a356, org.springframework.boot.test.context.SpringBootTestArgs@1, org.springframework.boot.test.context.SpringBootTestWebEnvironment@63a12c68], resourceBasePath = 'src/main/webapp', contextLoader = 'org.springframework.boot.test.context.SpringBootContextLoader', parent = [null]], attributes = map['org.springframework.test.context.web.ServletTestExecutionListener.activateListener' -> true]], class annotated with @DirtiesContext [false] with mode [null].

  .   ____          _            __ _ _
 /\\ / ___'_ __ _ _(_)_ __  __ _ \ \ \ \
( ( )\___ | '_ | '_| | '_ \/ _` | \ \ \ \
 \\/  ___)| |_)| | | | | || (_| |  ) ) ) )
  '  |____| .__|_| |_|_| |_\__, | / / / /
 =========|_|==============|___/=/_/_/_/
 :: Spring Boot ::                (v2.7.4)

2022-10-12 11:34:25.291  INFO 16604 --- [    Test worker] c.e.hksbdemo.HksbdemoApplicationTests    : Starting HksbdemoApplicationTests using Java 17.0.4.1 on LAPTOP-1147RE1B with PID 16604 (started by HyekyungLee in C:\Users\HyekyungLee\myProject\hksbdemo)
2022-10-12 11:34:25.293  INFO 16604 --- [    Test worker] c.e.hksbdemo.HksbdemoApplicationTests    : No active profile set, falling back to 1 default profile: "default"
2022-10-12 11:34:27.253  INFO 16604 --- [    Test worker] c.e.hksbdemo.HksbdemoApplicationTests    : Started HksbdemoApplicationTests in 2.245 seconds (JVM running for 3.416)
]]></system-out>
  <system-err><![CDATA[]]></system-err>
</testsuite>
